<?xml version="1.0" encoding="UTF-8"?>
<testsuite name="TelephoneBillingTest" tests="1" skipped="0" failures="0" errors="0" timestamp="2020-07-01T15:24:04" hostname="Zs-MacBook-Pro.local" time="0.006">
  <properties/>
  <testcase name="dymmyTest" classname="TelephoneBillingTest" time="0.006"/>
  <system-out><![CDATA[]]></system-out>
  <system-err><![CDATA[]]></system-err>
</testsuite>
